C51 COMPILER V9.60.0.0   MAIN                                                              04/02/2022 17:36:55 PAGE 1   


C51 COMPILER V9.60.0.0, COMPILATION OF MODULE MAIN
OBJECT MODULE PLACED IN .\Objects\main.obj
COMPILER INVOKED BY: C:\Keil_v5\C51\BIN\C51.EXE main.c OPTIMIZE(8,SPEED) BROWSE DEBUG OBJECTEXTEND PRINT(.\Listings\main
                    -.lst) TABS(2) OBJECT(.\Objects\main.obj)

line level    source

   1          #include <at89c5131.h>
   2          #include "endsem.h"
   3          
   4          char S_str[6]= {0,0,0,0,0,0};   //String for Balance Sita
   5          char G_str[6] = {0,0,0,0,0,0};  //String for Balance Gita
   6          char n500_s[3]= {0,0,0};    // STRING FOR 500RS NOTE
   7          char n100_s[3]= {0,0,0};    // STRING FOR 100RS NOTE
   8          
   9          char password[5] = {0,0,0,0,0} ;   //PASSWORD ARRAY
  10          
  11          //Main function
  12          
  13          //-------------------------------------------------
  14          void main(void)
  15          {
  16   1          uart_init();            // Please finish this function in endsem.h 
  17   1        
  18   1          while (1)
  19   1          {
  20   2              unsigned char ch = 0;
  21   2              unsigned char amount1 = 0;
  22   2              unsigned char amount2 = 0;
  23   2              unsigned char password0 = 0;
  24   2              unsigned char password1 = 0;
  25   2              unsigned char password2 = 0;
  26   2              unsigned char password3 = 0;
  27   2              unsigned char password4 = 0;
  28   2        
  29   2            
  30   2              unsigned int balance_Sita = 10000;
  31   2              unsigned int balance_Gita = 10000;
  32   2            
  33   2              unsigned int msb = 0;
  34   2              unsigned int lsb = 0;
  35   2            
  36   2              
  37   2              unsigned int final_w_count = 0;
  38   2              unsigned int notes_500 = 0;
  39   2              unsigned int notes_100 = 0;
  40   2            
  41   2              int_to_string(balance_Sita, S_str);
  42   2              int_to_string(balance_Gita, G_str);
  43   2            
  44   2                          
  45   2              transmit_string("Press A for Account display and W for withdrawing cash\r\n");
  46   2              //initial state 
  47   2            
  48   2              //Receive a character
  49   2              ch = receive_char();
  50   2          
  51   2            if(ch == 'a' || ch == 'A'){ //Account Display
  52   3              
  53   3              unsigned char acc_number = 0;
  54   3              transmit_string("Hello, Please enter Account Number\r\n");
C51 COMPILER V9.60.0.0   MAIN                                                              04/02/2022 17:36:55 PAGE 2   

  55   3              
  56   3              acc_number = receive_char();
  57   3              
  58   3              if(acc_number == '1'){
  59   4                
  60   4                transmit_string("Account Holder: Sita\r\n");
  61   4                transmit_string("Account Balance: ");
  62   4                transmit_string(S_str);
  63   4                transmit_string("\r\n");
  64   4                
  65   4              }
  66   3              else if(acc_number == '2'){
  67   4                
  68   4                transmit_string("Account Holder: Gita\r\n");
  69   4                transmit_string("Account Balance: ");
  70   4                transmit_string(G_str);
  71   4                transmit_string("\r\n");
  72   4                
  73   4              }
  74   3              else{
  75   4                transmit_string("No such account, please enter valid details\r\n");
  76   4                
  77   4              }     
  78   3      
  79   3            }//Account display state ends here
  80   2            
  81   2            
  82   2            else{//Withdraw cash
  83   3                
  84   3                unsigned char number_W = 0;
  85   3              
  86   3                transmit_string("Withdraw state, enter account number\r\n");
  87   3              
  88   3                number_W = receive_char();
  89   3              
  90   3              if(number_W == '1'){
  91   4                
  92   4                transmit_string("Account Holder: Sita\r\n");
  93   4                transmit_string("Account Balance: ");
  94   4                transmit_string(S_str);
  95   4                transmit_string("\r\n");
  96   4                
  97   4                transmit_string("Enter Amount, in hundreds\r\n");
  98   4              
  99   4                amount1 = receive_char();
 100   4                amount2 = receive_char();
 101   4              
 102   4                amount1 = amount1 - 0x30;
 103   4                amount2 = amount2 - 0x30;
 104   4              
 105   4                transmit_string("Please enter password\r\n");
 106   4                
 107   4                password0 = receive_char();
 108   4                password1 = receive_char();
 109   4                password2 = receive_char();
 110   4                password3 = receive_char();
 111   4                password4 = receive_char();
 112   4                
 113   4                if(password0 == 'E' && password1 == 'E' && password2 == '3' && password3 == '3' && password4 == '7'){
 114   5                  
 115   5                    
 116   5                msb = amount1;
C51 COMPILER V9.60.0.0   MAIN                                                              04/02/2022 17:36:55 PAGE 3   

 117   5                lsb = amount2;
 118   5              
 119   5                msb = msb*1000;
 120   5                lsb = lsb*100;
 121   5              
 122   5                final_w_count = msb + lsb;
 123   5              
 124   5                notes_500 = final_w_count/500;
 125   5                notes_100 = (final_w_count%500)/100;
 126   5              
 127   5                balance_Sita = balance_Sita - final_w_count;
 128   5                int_to_string(balance_Sita, S_str);
 129   5              
 130   5                int_to_string_2(notes_500, n500_s);
 131   5                int_to_string_2(notes_100, n100_s);
 132   5              
 133   5                transmit_string("Remaining Balance: ");
 134   5                transmit_string(S_str);
 135   5                transmit_string("\r\n");
 136   5              
 137   5              
 138   5                transmit_string("500 Notes: ");
 139   5                transmit_string(n500_s);
 140   5              
 141   5                transmit_string(", 100 Notes: ");
 142   5                transmit_string(n100_s);
 143   5                    
 144   5                transmit_string("\r\n");
 145   5              }
 146   4                else{
 147   5                  continue;
 148   5                }
 149   4                
 150   4                
 151   4              }
 152   3              else if(number_W == '2'){
 153   4                
 154   4                transmit_string("Account Holder: Gita\r\n");
 155   4                transmit_string("Account Balance: ");
 156   4                transmit_string(G_str);
 157   4                transmit_string("\r\n");
 158   4                
 159   4                transmit_string("Enter Amount, in hundreds\r\n");
 160   4              
 161   4              
 162   4                amount1 = receive_char();
 163   4                amount2 = receive_char();
 164   4              
 165   4                amount1 = amount1 - 0x30;
 166   4                amount2 = amount2 - 0x30;
 167   4                
 168   4                transmit_string("Please enter password\r\n");
 169   4                
 170   4                password0 = receive_char();
 171   4                password1 = receive_char();
 172   4                password2 = receive_char();
 173   4                password3 = receive_char();
 174   4                password4 = receive_char();
 175   4                
 176   4                if(password0 == 'U' && password1 == 'P' && password2 == 'L' && password3 == 'A' && password4 == 'B'){
 177   5              
 178   5                msb = amount1;
C51 COMPILER V9.60.0.0   MAIN                                                              04/02/2022 17:36:55 PAGE 4   

 179   5                lsb = amount2;
 180   5              
 181   5                msb = msb*1000;
 182   5                lsb = lsb*100;
 183   5              
 184   5                final_w_count = msb + lsb;
 185   5              
 186   5                notes_500 = final_w_count/500;
 187   5                notes_100 = (final_w_count%500)/100;
 188   5              
 189   5                balance_Gita = balance_Gita - final_w_count;
 190   5                int_to_string(balance_Gita, G_str);
 191   5              
 192   5                int_to_string_2(notes_500, n500_s);
 193   5                int_to_string_2(notes_100, n100_s);
 194   5              
 195   5                transmit_string("Remaining Balance: ");
 196   5                transmit_string(G_str);
 197   5                transmit_string("\r\n");
 198   5              
 199   5              
 200   5                transmit_string("500 Notes: ");
 201   5                transmit_string(n500_s);
 202   5              
 203   5                transmit_string(", 100 Notes: ");
 204   5                transmit_string(n100_s);
 205   5                    
 206   5                transmit_string("\r\n");
 207   5                
 208   5              }
 209   4                else{
 210   5                  continue;
 211   5                }
 212   4                
 213   4              }
 214   3              else{
 215   4                transmit_string("No such account, please enter valid details\r\n");
 216   4                
 217   4                continue;
 218   4                
 219   4              }
 220   3              
 221   3                  
 222   3            }//Withdraw state ends here
 223   2              
 224   2              
 225   2            
 226   2          }//while loop ends here
 227   1          
 228   1      }//main function ends here
 229          
 230          


MODULE INFORMATION:   STATIC OVERLAYABLE
   CODE SIZE        =   1214    ----
   CONSTANT SIZE    =    344    ----
   XDATA SIZE       =   ----    ----
   PDATA SIZE       =   ----    ----
   DATA SIZE        =     23      36
   IDATA SIZE       =   ----    ----
   BIT SIZE         =      2    ----
C51 COMPILER V9.60.0.0   MAIN                                                              04/02/2022 17:36:55 PAGE 5   

END OF MODULE INFORMATION.


C51 COMPILATION COMPLETE.  0 WARNING(S),  0 ERROR(S)
