C51 COMPILER V9.60.0.0   MAIN                                                              03/19/2022 00:16:05 PAGE 1   


C51 COMPILER V9.60.0.0, COMPILATION OF MODULE MAIN
OBJECT MODULE PLACED IN .\Objects\Main.obj
COMPILER INVOKED BY: C:\Keil_v5\C51\BIN\C51.EXE Main.c OPTIMIZE(8,SPEED) BROWSE DEBUG OBJECTEXTEND PRINT(.\Listings\Main
                    -.lst) TABS(2) OBJECT(.\Objects\Main.obj)

line level    source

   1          #include <at89c5131.h>
   2          #include "lcd.h"        //Header file with LCD interfacing functions
   3          #include "MorseCode.h"  //Header file for Morse Code 
   4          
   5          sbit LED=P1^7;
   6          
   7          sbit a = P1^0;
   8          sbit b = P1^1;
   9          sbit c = P1^2;
  10          sbit d = P1^3;
  11            
  12          
  13          /*
  14          Port P0.7 is used for the audio signal output
  15          */  
  16          //Main function
  17          
  18          void main(void)
  19          {
  20   1          
  21   1        //Call initialization functions
  22   1        lcd_init();
  23   1        lcd_cmd(0x80);
  24   1        // Read input nibble here
  25   1        P1 = 0x0F;
  26   1        
  27   1        // Insert Priority Logic
  28   1        if(a == 1){
  29   2          lcd_write_string("A");
  30   2          morse_a();    
  31   2        }
  32   1        else if(b == 1){
  33   2          lcd_write_string("B");
  34   2          morse_b();
  35   2        }
  36   1        else if(c == 1){
  37   2          lcd_write_string("C");    
  38   2          morse_c();
  39   2        }
  40   1        else if(d == 1){
  41   2          lcd_write_string("D");        
  42   2          morse_d();
  43   2        }
  44   1        else{
  45   2          lcd_write_string("E");
  46   2          morse_e();
  47   2        }
  48   1        // Inside each condition, call the functions from MorseCode.h. Fill functions in MorseCode.h
  49   1        // Write to LCD using function lcd_write_string() in side the condition as well
  50   1        // 
  51   1        
  52   1        while(1){   
  53   2          msdelay(1);
  54   2        }
C51 COMPILER V9.60.0.0   MAIN                                                              03/19/2022 00:16:05 PAGE 2   

  55   1        
  56   1      }


MODULE INFORMATION:   STATIC OVERLAYABLE
   CODE SIZE        =    377    ----
   CONSTANT SIZE    =     10    ----
   XDATA SIZE       =   ----    ----
   PDATA SIZE       =   ----    ----
   DATA SIZE        =   ----       3
   IDATA SIZE       =   ----    ----
   BIT SIZE         =   ----    ----
END OF MODULE INFORMATION.


C51 COMPILATION COMPLETE.  0 WARNING(S),  0 ERROR(S)
