A51 MACRO ASSEMBLER  DELAY                                                                03/03/2022 23:23:28 PAGE     1


MACRO ASSEMBLER A51 V8.2.7.0
OBJECT MODULE PLACED IN .\Objects\delay.obj
ASSEMBLER INVOKED BY: C:\Keil_v5\C51\BIN\A51.EXE delay.a51 SET(SMALL) DEBUG PRINT(.\Listings\delay.lst) OBJECT(.\Objects
                      \delay.obj) EP

LOC  OBJ            LINE     SOURCE

0000                   1     ORG 0H
0000 020100            2     LJMP MAIN
0100                   3     ORG 100H
0100                   4     MAIN:
0100 3130              5     CALL DELAY
0102 80FE              6     HERE: SJMP HERE
0130                   7     ORG 130H
                       8     
0130                   9     DELAY:
                      10     
0130 758901           11     MOV TMOD, #01H
0133 758CF8           12     MOV TH0, #0F8H
0136 758A30           13     MOV TL0, #030H
                      14     
0139 D28C             15     SETB TR0
                      16     
013B 308DFD           17     LOOP: JNB TF0,LOOP  
013E C28C             18           CLR TR0  
0140 C28D             19           CLR TF0  
0142 80EC             20           SJMP DELAY
                      21               
                      22     
0144 22               23     RET
                      24     END
A51 MACRO ASSEMBLER  DELAY                                                                03/03/2022 23:23:28 PAGE     2

SYMBOL TABLE LISTING
------ ----- -------


N A M E             T Y P E  V A L U E   ATTRIBUTES

DELAY. . . . . . .  C ADDR   0130H   A   
HERE . . . . . . .  C ADDR   0102H   A   
LOOP . . . . . . .  C ADDR   013BH   A   
MAIN . . . . . . .  C ADDR   0100H   A   
TF0. . . . . . . .  B ADDR   0088H.5 A   
TH0. . . . . . . .  D ADDR   008CH   A   
TL0. . . . . . . .  D ADDR   008AH   A   
TMOD . . . . . . .  D ADDR   0089H   A   
TR0. . . . . . . .  B ADDR   0088H.4 A   


REGISTER BANK(S) USED: 0 


ASSEMBLY COMPLETE.  0 WARNING(S), 0 ERROR(S)
